# JRE version: Java(TM) SE Runtime Environment (8.0_74-b02) (build 1.8.0_74-b02)
# Java VM: Java HotSpot(TM) 64-Bit Server VM (25.74-b02 mixed mode linux-amd64 compressed oops)
Heap:
 PSYoungGen      total 232960K, used 0K [0x00000000eab00000, 0x0000000100000000, 0x0000000100000000)
  eden space 116736K, 0% used [0x00000000eab00000,0x00000000eab00000,0x00000000f1d00000)
  from space 116224K, 0% used [0x00000000f1d00000,0x00000000f1d00000,0x00000000f8e80000)
  to   space 116224K, 0% used [0x00000000f8e80000,0x00000000f8e80000,0x0000000100000000)
 ParOldGen       total 445952K, used 397123K [0x00000000c0000000, 0x00000000db380000, 0x00000000eab00000)
  object space 445952K, 89% used [0x00000000c0000000,0x00000000d83d0de8,0x00000000db380000)
 Metaspace       used 6181K, capacity 7216K, committed 7296K, reserved 1056768K
  class space    used 580K, capacity 616K, committed 640K, reserved 1048576K
GC Heap History (10 events):
Event: 14.543 GC heap after
Heap after GC invocations=18 (full 3):
 PSYoungGen      total 278016K, used 32762K [0x00000000eab00000, 0x00000000ffe00000, 0x0000000100000000)
  eden space 206848K, 0% used [0x00000000eab00000,0x00000000eab00000,0x00000000f7500000)
  from space 71168K, 46% used [0x00000000f7500000,0x00000000f94fe888,0x00000000fba80000)
  to   space 67584K, 0% used [0x00000000fbc00000,0x00000000fbc00000,0x00000000ffe00000)
 ParOldGen       total 445952K, used 276728K [0x00000000c0000000, 0x00000000db380000, 0x00000000eab00000)
  object space 445952K, 62% used [0x00000000c0000000,0x00000000d0e3e328,0x00000000db380000)
 Metaspace       used 6170K, capacity 7216K, committed 7296K, reserved 1056768K
  class space    used 579K, capacity 616K, committed 640K, reserved 1048576K
}
Event: 15.381 GC heap before
{Heap before GC invocations=19 (full 3):
 PSYoungGen      total 278016K, used 239610K [0x00000000eab00000, 0x00000000ffe00000, 0x0000000100000000)
  eden space 206848K, 100% used [0x00000000eab00000,0x00000000f7500000,0x00000000f7500000)
  from space 71168K, 46% used [0x00000000f7500000,0x00000000f94fe888,0x00000000fba80000)
  to   space 67584K, 0% used [0x00000000fbc00000,0x00000000fbc00000,0x00000000ffe00000)
 ParOldGen       total 445952K, used 276728K [0x00000000c0000000, 0x00000000db380000, 0x00000000eab00000)
  object space 445952K, 62% used [0x00000000c0000000,0x00000000d0e3e328,0x00000000db380000)
 Metaspace       used 6181K, capacity 7216K, committed 7296K, reserved 1056768K
  class space    used 580K, capacity 616K, committed 640K, reserved 1048576K
Event: 15.441 GC heap after
Heap after GC invocations=19 (full 3):
 PSYoungGen      total 265216K, used 64163K [0x00000000eab00000, 0x0000000100000000, 0x0000000100000000)
  eden space 197632K, 0% used [0x00000000eab00000,0x00000000eab00000,0x00000000f6c00000)
  from space 67584K, 94% used [0x00000000fbc00000,0x00000000ffaa8d68,0x00000000ffe00000)
  to   space 75776K, 0% used [0x00000000f6c00000,0x00000000f6c00000,0x00000000fb600000)
 ParOldGen       total 445952K, used 276728K [0x00000000c0000000, 0x00000000db380000, 0x00000000eab00000)
  object space 445952K, 62% used [0x00000000c0000000,0x00000000d0e3e328,0x00000000db380000)
 Metaspace       used 6181K, capacity 7216K, committed 7296K, reserved 1056768K
  class space    used 580K, capacity 616K, committed 640K, reserved 1048576K
}
Event: 15.871 GC heap before
{Heap before GC invocations=20 (full 3):
 PSYoungGen      total 265216K, used 261795K [0x00000000eab00000, 0x0000000100000000, 0x0000000100000000)
  eden space 197632K, 100% used [0x00000000eab00000,0x00000000f6c00000,0x00000000f6c00000)
  from space 67584K, 94% used [0x00000000fbc00000,0x00000000ffaa8d68,0x00000000ffe00000)
  to   space 75776K, 0% used [0x00000000f6c00000,0x00000000f6c00000,0x00000000fb600000)
 ParOldGen       total 445952K, used 276728K [0x00000000c0000000, 0x00000000db380000, 0x00000000eab00000)
  object space 445952K, 62% used [0x00000000c0000000,0x00000000d0e3e328,0x00000000db380000)
 Metaspace       used 6181K, capacity 7216K, committed 7296K, reserved 1056768K
  class space    used 580K, capacity 616K, committed 640K, reserved 1048576K
Event: 15.971 GC heap after
Heap after GC invocations=20 (full 3):
 PSYoungGen      total 273408K, used 75746K [0x00000000eab00000, 0x0000000100000000, 0x0000000100000000)
  eden space 197632K, 0% used [0x00000000eab00000,0x00000000eab00000,0x00000000f6c00000)
  from space 75776K, 99% used [0x00000000f6c00000,0x00000000fb5f8800,0x00000000fb600000)
  to   space 75776K, 0% used [0x00000000fb600000,0x00000000fb600000,0x0000000100000000)
 ParOldGen       total 445952K, used 304264K [0x00000000c0000000, 0x00000000db380000, 0x00000000eab00000)
  object space 445952K, 68% used [0x00000000c0000000,0x00000000d2922160,0x00000000db380000)
 Metaspace       used 6181K, capacity 7216K, committed 7296K, reserved 1056768K
  class space    used 580K, capacity 616K, committed 640K, reserved 1048576K
}
Event: 16.484 GC heap before
{Heap before GC invocations=21 (full 3):
 PSYoungGen      total 273408K, used 273378K [0x00000000eab00000, 0x0000000100000000, 0x0000000100000000)
  eden space 197632K, 100% used [0x00000000eab00000,0x00000000f6c00000,0x00000000f6c00000)
  from space 75776K, 99% used [0x00000000f6c00000,0x00000000fb5f8800,0x00000000fb600000)
  to   space 75776K, 0% used [0x00000000fb600000,0x00000000fb600000,0x0000000100000000)
 ParOldGen       total 445952K, used 304264K [0x00000000c0000000, 0x00000000db380000, 0x00000000eab00000)
  object space 445952K, 68% used [0x00000000c0000000,0x00000000d2922160,0x00000000db380000)
 Metaspace       used 6181K, capacity 7216K, committed 7296K, reserved 1056768K
  class space    used 580K, capacity 616K, committed 640K, reserved 1048576K
Event: 16.594 GC heap after
Heap after GC invocations=21 (full 3):
 PSYoungGen      total 192512K, used 75771K [0x00000000eab00000, 0x0000000100000000, 0x0000000100000000)
  eden space 116736K, 0% used [0x00000000eab00000,0x00000000eab00000,0x00000000f1d00000)
  from space 75776K, 99% used [0x00000000fb600000,0x00000000ffffec80,0x0000000100000000)
  to   space 116224K, 0% used [0x00000000f1d00000,0x00000000f1d00000,0x00000000f8e80000)
 ParOldGen       total 445952K, used 354728K [0x00000000c0000000, 0x00000000db380000, 0x00000000eab00000)
  object space 445952K, 79% used [0x00000000c0000000,0x00000000d5a6a1f0,0x00000000db380000)
 Metaspace       used 6181K, capacity 7216K, committed 7296K, reserved 1056768K
  class space    used 580K, capacity 616K, committed 640K, reserved 1048576K
}
Event: 16.911 GC heap before
{Heap before GC invocations=22 (full 3):
 PSYoungGen      total 192512K, used 192507K [0x00000000eab00000, 0x0000000100000000, 0x0000000100000000)
  eden space 116736K, 100% used [0x00000000eab00000,0x00000000f1d00000,0x00000000f1d00000)
  from space 75776K, 99% used [0x00000000fb600000,0x00000000ffffec80,0x0000000100000000)
  to   space 116224K, 0% used [0x00000000f1d00000,0x00000000f1d00000,0x00000000f8e80000)
 ParOldGen       total 445952K, used 354728K [0x00000000c0000000, 0x00000000db380000, 0x00000000eab00000)
  object space 445952K, 79% used [0x00000000c0000000,0x00000000d5a6a1f0,0x00000000db380000)
 Metaspace       used 6181K, capacity 7216K, committed 7296K, reserved 1056768K
  class space    used 580K, capacity 616K, committed 640K, reserved 1048576K
Event: 17.008 GC heap after
Heap after GC invocations=22 (full 3):
 PSYoungGen      total 232960K, used 77805K [0x00000000eab00000, 0x0000000100000000, 0x0000000100000000)
  eden space 116736K, 0% used [0x00000000eab00000,0x00000000eab00000,0x00000000f1d00000)
  from space 116224K, 66% used [0x00000000f1d00000,0x00000000f68fb5f8,0x00000000f8e80000)
  to   space 116224K, 0% used [0x00000000f8e80000,0x00000000f8e80000,0x0000000100000000)
 ParOldGen       total 445952K, used 399347K [0x00000000c0000000, 0x00000000db380000, 0x00000000eab00000)
  object space 445952K, 89% used [0x00000000c0000000,0x00000000d85fcd20,0x00000000db380000)
 Metaspace       used 6181K, capacity 7216K, committed 7296K, reserved 1056768K
  class space    used 580K, capacity 616K, committed 640K, reserved 1048576K
}
Event: 17.008 GC heap before
{Heap before GC invocations=23 (full 4):
 PSYoungGen      total 232960K, used 77805K [0x00000000eab00000, 0x0000000100000000, 0x0000000100000000)
  eden space 116736K, 0% used [0x00000000eab00000,0x00000000eab00000,0x00000000f1d00000)
  from space 116224K, 66% used [0x00000000f1d00000,0x00000000f68fb5f8,0x00000000f8e80000)
  to   space 116224K, 0% used [0x00000000f8e80000,0x00000000f8e80000,0x0000000100000000)
 ParOldGen       total 445952K, used 399347K [0x00000000c0000000, 0x00000000db380000, 0x00000000eab00000)
  object space 445952K, 89% used [0x00000000c0000000,0x00000000d85fcd20,0x00000000db380000)
 Metaspace       used 6181K, capacity 7216K, committed 7296K, reserved 1056768K
  class space    used 580K, capacity 616K, committed 640K, reserved 1048576K

