# JRE version: Java(TM) SE Runtime Environment (8.0_74-b02) (build 1.8.0_74-b02)
# Java VM: Java HotSpot(TM) 64-Bit Server VM (25.74-b02 mixed mode linux-amd64 compressed oops)
Heap:
 PSYoungGen      total 232960K, used 0K [0x00000000eab00000, 0x0000000100000000, 0x0000000100000000)
  eden space 116736K, 0% used [0x00000000eab00000,0x00000000eab00000,0x00000000f1d00000)
  from space 116224K, 0% used [0x00000000f1d00000,0x00000000f1d00000,0x00000000f8e80000)
  to   space 116224K, 0% used [0x00000000f8e80000,0x00000000f8e80000,0x0000000100000000)
 ParOldGen       total 427008K, used 385919K [0x00000000c0000000, 0x00000000da100000, 0x00000000eab00000)
  object space 427008K, 90% used [0x00000000c0000000,0x00000000d78dfce0,0x00000000da100000)
 Metaspace       used 6186K, capacity 7216K, committed 7296K, reserved 1056768K
  class space    used 580K, capacity 616K, committed 640K, reserved 1048576K
GC Heap History (10 events):
Event: 21.145 GC heap after
Heap after GC invocations=18 (full 3):
 PSYoungGen      total 279040K, used 39856K [0x00000000eab00000, 0x0000000100000000, 0x0000000100000000)
  eden space 208896K, 0% used [0x00000000eab00000,0x00000000eab00000,0x00000000f7700000)
  from space 70144K, 56% used [0x00000000f7700000,0x00000000f9dec248,0x00000000fbb80000)
  to   space 69632K, 0% used [0x00000000fbc00000,0x00000000fbc00000,0x0000000100000000)
 ParOldGen       total 427008K, used 266550K [0x00000000c0000000, 0x00000000da100000, 0x00000000eab00000)
  object space 427008K, 62% used [0x00000000c0000000,0x00000000d044daf8,0x00000000da100000)
 Metaspace       used 6175K, capacity 7216K, committed 7296K, reserved 1056768K
  class space    used 578K, capacity 616K, committed 640K, reserved 1048576K
}
Event: 23.724 GC heap before
{Heap before GC invocations=19 (full 3):
 PSYoungGen      total 279040K, used 248742K [0x00000000eab00000, 0x0000000100000000, 0x0000000100000000)
  eden space 208896K, 99% used [0x00000000eab00000,0x00000000f76fd8d0,0x00000000f7700000)
  from space 70144K, 56% used [0x00000000f7700000,0x00000000f9dec248,0x00000000fbb80000)
  to   space 69632K, 0% used [0x00000000fbc00000,0x00000000fbc00000,0x0000000100000000)
 ParOldGen       total 427008K, used 266550K [0x00000000c0000000, 0x00000000da100000, 0x00000000eab00000)
  object space 427008K, 62% used [0x00000000c0000000,0x00000000d044daf8,0x00000000da100000)
 Metaspace       used 6186K, capacity 7216K, committed 7296K, reserved 1056768K
  class space    used 580K, capacity 616K, committed 640K, reserved 1048576K
Event: 23.782 GC heap after
Heap after GC invocations=19 (full 3):
 PSYoungGen      total 264192K, used 62909K [0x00000000eab00000, 0x0000000100000000, 0x0000000100000000)
  eden space 194560K, 0% used [0x00000000eab00000,0x00000000eab00000,0x00000000f6900000)
  from space 69632K, 90% used [0x00000000fbc00000,0x00000000ff96f618,0x0000000100000000)
  to   space 77312K, 0% used [0x00000000f6900000,0x00000000f6900000,0x00000000fb480000)
 ParOldGen       total 427008K, used 266550K [0x00000000c0000000, 0x00000000da100000, 0x00000000eab00000)
  object space 427008K, 62% used [0x00000000c0000000,0x00000000d044daf8,0x00000000da100000)
 Metaspace       used 6186K, capacity 7216K, committed 7296K, reserved 1056768K
  class space    used 580K, capacity 616K, committed 640K, reserved 1048576K
}
Event: 24.548 GC heap before
{Heap before GC invocations=20 (full 3):
 PSYoungGen      total 264192K, used 257469K [0x00000000eab00000, 0x0000000100000000, 0x0000000100000000)
  eden space 194560K, 100% used [0x00000000eab00000,0x00000000f6900000,0x00000000f6900000)
  from space 69632K, 90% used [0x00000000fbc00000,0x00000000ff96f618,0x0000000100000000)
  to   space 77312K, 0% used [0x00000000f6900000,0x00000000f6900000,0x00000000fb480000)
 ParOldGen       total 427008K, used 266550K [0x00000000c0000000, 0x00000000da100000, 0x00000000eab00000)
  object space 427008K, 62% used [0x00000000c0000000,0x00000000d044daf8,0x00000000da100000)
 Metaspace       used 6186K, capacity 7216K, committed 7296K, reserved 1056768K
  class space    used 580K, capacity 616K, committed 640K, reserved 1048576K
Event: 24.677 GC heap after
Heap after GC invocations=20 (full 3):
 PSYoungGen      total 271872K, used 77302K [0x00000000eab00000, 0x0000000100000000, 0x0000000100000000)
  eden space 194560K, 0% used [0x00000000eab00000,0x00000000eab00000,0x00000000f6900000)
  from space 77312K, 99% used [0x00000000f6900000,0x00000000fb47d940,0x00000000fb480000)
  to   space 77312K, 0% used [0x00000000fb480000,0x00000000fb480000,0x0000000100000000)
 ParOldGen       total 427008K, used 298561K [0x00000000c0000000, 0x00000000da100000, 0x00000000eab00000)
  object space 427008K, 69% used [0x00000000c0000000,0x00000000d2390768,0x00000000da100000)
 Metaspace       used 6186K, capacity 7216K, committed 7296K, reserved 1056768K
  class space    used 580K, capacity 616K, committed 640K, reserved 1048576K
}
Event: 25.402 GC heap before
{Heap before GC invocations=21 (full 3):
 PSYoungGen      total 271872K, used 271862K [0x00000000eab00000, 0x0000000100000000, 0x0000000100000000)
  eden space 194560K, 100% used [0x00000000eab00000,0x00000000f6900000,0x00000000f6900000)
  from space 77312K, 99% used [0x00000000f6900000,0x00000000fb47d940,0x00000000fb480000)
  to   space 77312K, 0% used [0x00000000fb480000,0x00000000fb480000,0x0000000100000000)
 ParOldGen       total 427008K, used 298561K [0x00000000c0000000, 0x00000000da100000, 0x00000000eab00000)
  object space 427008K, 69% used [0x00000000c0000000,0x00000000d2390768,0x00000000da100000)
 Metaspace       used 6186K, capacity 7216K, committed 7296K, reserved 1056768K
  class space    used 580K, capacity 616K, committed 640K, reserved 1048576K
Event: 25.530 GC heap after
Heap after GC invocations=21 (full 3):
 PSYoungGen      total 194048K, used 77311K [0x00000000eab00000, 0x0000000100000000, 0x0000000100000000)
  eden space 116736K, 0% used [0x00000000eab00000,0x00000000eab00000,0x00000000f1d00000)
  from space 77312K, 99% used [0x00000000fb480000,0x00000000fffffd88,0x0000000100000000)
  to   space 116224K, 0% used [0x00000000f1d00000,0x00000000f1d00000,0x00000000f8e80000)
 ParOldGen       total 427008K, used 339480K [0x00000000c0000000, 0x00000000da100000, 0x00000000eab00000)
  object space 427008K, 79% used [0x00000000c0000000,0x00000000d4b86118,0x00000000da100000)
 Metaspace       used 6186K, capacity 7216K, committed 7296K, reserved 1056768K
  class space    used 580K, capacity 616K, committed 640K, reserved 1048576K
}
Event: 25.837 GC heap before
{Heap before GC invocations=22 (full 3):
 PSYoungGen      total 194048K, used 194047K [0x00000000eab00000, 0x0000000100000000, 0x0000000100000000)
  eden space 116736K, 100% used [0x00000000eab00000,0x00000000f1d00000,0x00000000f1d00000)
  from space 77312K, 99% used [0x00000000fb480000,0x00000000fffffd88,0x0000000100000000)
  to   space 116224K, 0% used [0x00000000f1d00000,0x00000000f1d00000,0x00000000f8e80000)
 ParOldGen       total 427008K, used 339480K [0x00000000c0000000, 0x00000000da100000, 0x00000000eab00000)
  object space 427008K, 79% used [0x00000000c0000000,0x00000000d4b86118,0x00000000da100000)
 Metaspace       used 6186K, capacity 7216K, committed 7296K, reserved 1056768K
  class space    used 580K, capacity 616K, committed 640K, reserved 1048576K
Event: 26.301 GC heap after
Heap after GC invocations=22 (full 3):
 PSYoungGen      total 232960K, used 46219K [0x00000000eab00000, 0x0000000100000000, 0x0000000100000000)
  eden space 116736K, 0% used [0x00000000eab00000,0x00000000eab00000,0x00000000f1d00000)
  from space 116224K, 39% used [0x00000000f1d00000,0x00000000f4a22d98,0x00000000f8e80000)
  to   space 116224K, 0% used [0x00000000f8e80000,0x00000000f8e80000,0x0000000100000000)
 ParOldGen       total 427008K, used 378690K [0x00000000c0000000, 0x00000000da100000, 0x00000000eab00000)
  object space 427008K, 88% used [0x00000000c0000000,0x00000000d71d0bb0,0x00000000da100000)
 Metaspace       used 6186K, capacity 7216K, committed 7296K, reserved 1056768K
  class space    used 580K, capacity 616K, committed 640K, reserved 1048576K
}
Event: 26.477 GC heap before
{Heap before GC invocations=23 (full 4):
 PSYoungGen      total 232960K, used 46219K [0x00000000eab00000, 0x0000000100000000, 0x0000000100000000)
  eden space 116736K, 0% used [0x00000000eab00000,0x00000000eab00000,0x00000000f1d00000)
  from space 116224K, 39% used [0x00000000f1d00000,0x00000000f4a22d98,0x00000000f8e80000)
  to   space 116224K, 0% used [0x00000000f8e80000,0x00000000f8e80000,0x0000000100000000)
 ParOldGen       total 427008K, used 378690K [0x00000000c0000000, 0x00000000da100000, 0x00000000eab00000)
  object space 427008K, 88% used [0x00000000c0000000,0x00000000d71d0bb0,0x00000000da100000)
 Metaspace       used 6186K, capacity 7216K, committed 7296K, reserved 1056768K
  class space    used 580K, capacity 616K, committed 640K, reserved 1048576K

