# JRE version: Java(TM) SE Runtime Environment (8.0_74-b02) (build 1.8.0_74-b02)
# Java VM: Java HotSpot(TM) 64-Bit Server VM (25.74-b02 mixed mode linux-amd64 compressed oops)
Heap:
 PSYoungGen      total 232960K, used 24412K [0x00000000eab00000, 0x0000000100000000, 0x0000000100000000)
  eden space 116736K, 0% used [0x00000000eab00000,0x00000000eab00000,0x00000000f1d00000)
  from space 116224K, 21% used [0x00000000f8e80000,0x00000000fa6572b8,0x0000000100000000)
  to   space 116224K, 0% used [0x00000000f1d00000,0x00000000f1d00000,0x00000000f8e80000)
 ParOldGen       total 426496K, used 426115K [0x00000000c0000000, 0x00000000da080000, 0x00000000eab00000)
  object space 426496K, 99% used [0x00000000c0000000,0x00000000da020f10,0x00000000da080000)
 Metaspace       used 6189K, capacity 7216K, committed 7296K, reserved 1056768K
  class space    used 580K, capacity 616K, committed 640K, reserved 1048576K
GC Heap History (10 events):
Event: 19.883 GC heap after
Heap after GC invocations=21 (full 3):
 PSYoungGen      total 234496K, used 56562K [0x00000000eab00000, 0x0000000100000000, 0x0000000100000000)
  eden space 120832K, 0% used [0x00000000eab00000,0x00000000eab00000,0x00000000f2100000)
  from space 113664K, 49% used [0x00000000f8c00000,0x00000000fc33c9a0,0x00000000ffb00000)
  to   space 109568K, 0% used [0x00000000f2100000,0x00000000f2100000,0x00000000f8c00000)
 ParOldGen       total 426496K, used 314036K [0x00000000c0000000, 0x00000000da080000, 0x00000000eab00000)
  object space 426496K, 73% used [0x00000000c0000000,0x00000000d32ad160,0x00000000da080000)
 Metaspace       used 6189K, capacity 7216K, committed 7296K, reserved 1056768K
  class space    used 580K, capacity 616K, committed 640K, reserved 1048576K
}
Event: 20.250 GC heap before
{Heap before GC invocations=22 (full 3):
 PSYoungGen      total 234496K, used 177394K [0x00000000eab00000, 0x0000000100000000, 0x0000000100000000)
  eden space 120832K, 100% used [0x00000000eab00000,0x00000000f2100000,0x00000000f2100000)
  from space 113664K, 49% used [0x00000000f8c00000,0x00000000fc33c9a0,0x00000000ffb00000)
  to   space 109568K, 0% used [0x00000000f2100000,0x00000000f2100000,0x00000000f8c00000)
 ParOldGen       total 426496K, used 314036K [0x00000000c0000000, 0x00000000da080000, 0x00000000eab00000)
  object space 426496K, 73% used [0x00000000c0000000,0x00000000d32ad160,0x00000000da080000)
 Metaspace       used 6189K, capacity 7216K, committed 7296K, reserved 1056768K
  class space    used 580K, capacity 616K, committed 640K, reserved 1048576K
Event: 20.337 GC heap after
Heap after GC invocations=22 (full 3):
 PSYoungGen      total 230400K, used 74312K [0x00000000eab00000, 0x0000000100000000, 0x0000000100000000)
  eden space 120832K, 0% used [0x00000000eab00000,0x00000000eab00000,0x00000000f2100000)
  from space 109568K, 67% used [0x00000000f2100000,0x00000000f6992340,0x00000000f8c00000)
  to   space 112640K, 0% used [0x00000000f9200000,0x00000000f9200000,0x0000000100000000)
 ParOldGen       total 426496K, used 314036K [0x00000000c0000000, 0x00000000da080000, 0x00000000eab00000)
  object space 426496K, 73% used [0x00000000c0000000,0x00000000d32ad160,0x00000000da080000)
 Metaspace       used 6189K, capacity 7216K, committed 7296K, reserved 1056768K
  class space    used 580K, capacity 616K, committed 640K, reserved 1048576K
}
Event: 20.705 GC heap before
{Heap before GC invocations=23 (full 3):
 PSYoungGen      total 230400K, used 195144K [0x00000000eab00000, 0x0000000100000000, 0x0000000100000000)
  eden space 120832K, 100% used [0x00000000eab00000,0x00000000f2100000,0x00000000f2100000)
  from space 109568K, 67% used [0x00000000f2100000,0x00000000f6992340,0x00000000f8c00000)
  to   space 112640K, 0% used [0x00000000f9200000,0x00000000f9200000,0x0000000100000000)
 ParOldGen       total 426496K, used 314036K [0x00000000c0000000, 0x00000000da080000, 0x00000000eab00000)
  object space 426496K, 73% used [0x00000000c0000000,0x00000000d32ad160,0x00000000da080000)
 Metaspace       used 6189K, capacity 7216K, committed 7296K, reserved 1056768K
  class space    used 580K, capacity 616K, committed 640K, reserved 1048576K
Event: 20.791 GC heap after
Heap after GC invocations=23 (full 3):
 PSYoungGen      total 229376K, used 94181K [0x00000000eab00000, 0x0000000100000000, 0x0000000100000000)
  eden space 116736K, 0% used [0x00000000eab00000,0x00000000eab00000,0x00000000f1d00000)
  from space 112640K, 83% used [0x00000000f9200000,0x00000000fedf9528,0x0000000100000000)
  to   space 116224K, 0% used [0x00000000f1d00000,0x00000000f1d00000,0x00000000f8e80000)
 ParOldGen       total 426496K, used 314036K [0x00000000c0000000, 0x00000000da080000, 0x00000000eab00000)
  object space 426496K, 73% used [0x00000000c0000000,0x00000000d32ad160,0x00000000da080000)
 Metaspace       used 6189K, capacity 7216K, committed 7296K, reserved 1056768K
  class space    used 580K, capacity 616K, committed 640K, reserved 1048576K
}
Event: 21.123 GC heap before
{Heap before GC invocations=24 (full 3):
 PSYoungGen      total 229376K, used 210917K [0x00000000eab00000, 0x0000000100000000, 0x0000000100000000)
  eden space 116736K, 100% used [0x00000000eab00000,0x00000000f1d00000,0x00000000f1d00000)
  from space 112640K, 83% used [0x00000000f9200000,0x00000000fedf9528,0x0000000100000000)
  to   space 116224K, 0% used [0x00000000f1d00000,0x00000000f1d00000,0x00000000f8e80000)
 ParOldGen       total 426496K, used 314036K [0x00000000c0000000, 0x00000000da080000, 0x00000000eab00000)
  object space 426496K, 73% used [0x00000000c0000000,0x00000000d32ad160,0x00000000da080000)
 Metaspace       used 6189K, capacity 7216K, committed 7296K, reserved 1056768K
  class space    used 580K, capacity 616K, committed 640K, reserved 1048576K
Event: 21.248 GC heap after
Heap after GC invocations=24 (full 3):
 PSYoungGen      total 232960K, used 96068K [0x00000000eab00000, 0x0000000100000000, 0x0000000100000000)
  eden space 116736K, 0% used [0x00000000eab00000,0x00000000eab00000,0x00000000f1d00000)
  from space 116224K, 82% used [0x00000000f1d00000,0x00000000f7ad1358,0x00000000f8e80000)
  to   space 116224K, 0% used [0x00000000f8e80000,0x00000000f8e80000,0x0000000100000000)
 ParOldGen       total 426496K, used 351275K [0x00000000c0000000, 0x00000000da080000, 0x00000000eab00000)
  object space 426496K, 82% used [0x00000000c0000000,0x00000000d570aea8,0x00000000da080000)
 Metaspace       used 6189K, capacity 7216K, committed 7296K, reserved 1056768K
  class space    used 580K, capacity 616K, committed 640K, reserved 1048576K
}
Event: 21.653 GC heap before
{Heap before GC invocations=25 (full 3):
 PSYoungGen      total 232960K, used 212804K [0x00000000eab00000, 0x0000000100000000, 0x0000000100000000)
  eden space 116736K, 100% used [0x00000000eab00000,0x00000000f1d00000,0x00000000f1d00000)
  from space 116224K, 82% used [0x00000000f1d00000,0x00000000f7ad1358,0x00000000f8e80000)
  to   space 116224K, 0% used [0x00000000f8e80000,0x00000000f8e80000,0x0000000100000000)
 ParOldGen       total 426496K, used 351275K [0x00000000c0000000, 0x00000000da080000, 0x00000000eab00000)
  object space 426496K, 82% used [0x00000000c0000000,0x00000000d570aea8,0x00000000da080000)
 Metaspace       used 6189K, capacity 7216K, committed 7296K, reserved 1056768K
  class space    used 580K, capacity 616K, committed 640K, reserved 1048576K
Event: 21.798 GC heap after
Heap after GC invocations=25 (full 3):
 PSYoungGen      total 232960K, used 64021K [0x00000000eab00000, 0x0000000100000000, 0x0000000100000000)
  eden space 116736K, 0% used [0x00000000eab00000,0x00000000eab00000,0x00000000f1d00000)
  from space 116224K, 55% used [0x00000000f8e80000,0x00000000fcd05760,0x0000000100000000)
  to   space 116224K, 0% used [0x00000000f1d00000,0x00000000f1d00000,0x00000000f8e80000)
 ParOldGen       total 426496K, used 388070K [0x00000000c0000000, 0x00000000da080000, 0x00000000eab00000)
  object space 426496K, 90% used [0x00000000c0000000,0x00000000d7af9a30,0x00000000da080000)
 Metaspace       used 6189K, capacity 7216K, committed 7296K, reserved 1056768K
  class space    used 580K, capacity 616K, committed 640K, reserved 1048576K
}
Event: 21.798 GC heap before
{Heap before GC invocations=26 (full 4):
 PSYoungGen      total 232960K, used 64021K [0x00000000eab00000, 0x0000000100000000, 0x0000000100000000)
  eden space 116736K, 0% used [0x00000000eab00000,0x00000000eab00000,0x00000000f1d00000)
  from space 116224K, 55% used [0x00000000f8e80000,0x00000000fcd05760,0x0000000100000000)
  to   space 116224K, 0% used [0x00000000f1d00000,0x00000000f1d00000,0x00000000f8e80000)
 ParOldGen       total 426496K, used 388070K [0x00000000c0000000, 0x00000000da080000, 0x00000000eab00000)
  object space 426496K, 90% used [0x00000000c0000000,0x00000000d7af9a30,0x00000000da080000)
 Metaspace       used 6189K, capacity 7216K, committed 7296K, reserved 1056768K
  class space    used 580K, capacity 616K, committed 640K, reserved 1048576K

