# JRE version: Java(TM) SE Runtime Environment (8.0_74-b02) (build 1.8.0_74-b02)
# Java VM: Java HotSpot(TM) 64-Bit Server VM (25.74-b02 mixed mode linux-amd64 compressed oops)
Heap:
 PSYoungGen      total 155648K, used 928K [0x00000000eab00000, 0x00000000ffe00000, 0x0000000100000000)
  eden space 116736K, 0% used [0x00000000eab00000,0x00000000eab00000,0x00000000f1d00000)
  from space 38912K, 2% used [0x00000000f1d00000,0x00000000f1de81a0,0x00000000f4300000)
  to   space 115200K, 0% used [0x00000000f8d80000,0x00000000f8d80000,0x00000000ffe00000)
 ParOldGen       total 443392K, used 442951K [0x00000000c0000000, 0x00000000db100000, 0x00000000eab00000)
  object space 443392K, 99% used [0x00000000c0000000,0x00000000db091fc0,0x00000000db100000)
 Metaspace       used 6184K, capacity 7216K, committed 7296K, reserved 1056768K
  class space    used 580K, capacity 616K, committed 640K, reserved 1048576K
GC Heap History (10 events):
Event: 17.396 GC heap after
Heap after GC invocations=20 (full 3):
 PSYoungGen      total 232960K, used 38721K [0x00000000eab00000, 0x0000000100000000, 0x0000000100000000)
  eden space 116736K, 0% used [0x00000000eab00000,0x00000000eab00000,0x00000000f1d00000)
  from space 116224K, 33% used [0x00000000f1d00000,0x00000000f42d0610,0x00000000f8e80000)
  to   space 116224K, 0% used [0x00000000f8e80000,0x00000000f8e80000,0x0000000100000000)
 ParOldGen       total 443392K, used 313221K [0x00000000c0000000, 0x00000000db100000, 0x00000000eab00000)
  object space 443392K, 70% used [0x00000000c0000000,0x00000000d31e1728,0x00000000db100000)
 Metaspace       used 6184K, capacity 7216K, committed 7296K, reserved 1056768K
  class space    used 580K, capacity 616K, committed 640K, reserved 1048576K
}
Event: 17.726 GC heap before
{Heap before GC invocations=21 (full 3):
 PSYoungGen      total 232960K, used 155457K [0x00000000eab00000, 0x0000000100000000, 0x0000000100000000)
  eden space 116736K, 100% used [0x00000000eab00000,0x00000000f1d00000,0x00000000f1d00000)
  from space 116224K, 33% used [0x00000000f1d00000,0x00000000f42d0610,0x00000000f8e80000)
  to   space 116224K, 0% used [0x00000000f8e80000,0x00000000f8e80000,0x0000000100000000)
 ParOldGen       total 443392K, used 313221K [0x00000000c0000000, 0x00000000db100000, 0x00000000eab00000)
  object space 443392K, 70% used [0x00000000c0000000,0x00000000d31e1728,0x00000000db100000)
 Metaspace       used 6184K, capacity 7216K, committed 7296K, reserved 1056768K
  class space    used 580K, capacity 616K, committed 640K, reserved 1048576K
Event: 17.809 GC heap after
Heap after GC invocations=21 (full 3):
 PSYoungGen      total 232960K, used 37724K [0x00000000eab00000, 0x0000000100000000, 0x0000000100000000)
  eden space 116736K, 0% used [0x00000000eab00000,0x00000000eab00000,0x00000000f1d00000)
  from space 116224K, 32% used [0x00000000f8e80000,0x00000000fb357070,0x0000000100000000)
  to   space 116224K, 0% used [0x00000000f1d00000,0x00000000f1d00000,0x00000000f8e80000)
 ParOldGen       total 443392K, used 332840K [0x00000000c0000000, 0x00000000db100000, 0x00000000eab00000)
  object space 443392K, 75% used [0x00000000c0000000,0x00000000d450a0f0,0x00000000db100000)
 Metaspace       used 6184K, capacity 7216K, committed 7296K, reserved 1056768K
  class space    used 580K, capacity 616K, committed 640K, reserved 1048576K
}
Event: 18.198 GC heap before
{Heap before GC invocations=22 (full 3):
 PSYoungGen      total 232960K, used 154460K [0x00000000eab00000, 0x0000000100000000, 0x0000000100000000)
  eden space 116736K, 100% used [0x00000000eab00000,0x00000000f1d00000,0x00000000f1d00000)
  from space 116224K, 32% used [0x00000000f8e80000,0x00000000fb357070,0x0000000100000000)
  to   space 116224K, 0% used [0x00000000f1d00000,0x00000000f1d00000,0x00000000f8e80000)
 ParOldGen       total 443392K, used 332840K [0x00000000c0000000, 0x00000000db100000, 0x00000000eab00000)
  object space 443392K, 75% used [0x00000000c0000000,0x00000000d450a0f0,0x00000000db100000)
 Metaspace       used 6184K, capacity 7216K, committed 7296K, reserved 1056768K
  class space    used 580K, capacity 616K, committed 640K, reserved 1048576K
Event: 18.309 GC heap after
Heap after GC invocations=22 (full 3):
 PSYoungGen      total 232960K, used 18000K [0x00000000eab00000, 0x0000000100000000, 0x0000000100000000)
  eden space 116736K, 0% used [0x00000000eab00000,0x00000000eab00000,0x00000000f1d00000)
  from space 116224K, 15% used [0x00000000f1d00000,0x00000000f2e94198,0x00000000f8e80000)
  to   space 116224K, 0% used [0x00000000f8e80000,0x00000000f8e80000,0x0000000100000000)
 ParOldGen       total 443392K, used 369881K [0x00000000c0000000, 0x00000000db100000, 0x00000000eab00000)
  object space 443392K, 83% used [0x00000000c0000000,0x00000000d69365c8,0x00000000db100000)
 Metaspace       used 6184K, capacity 7216K, committed 7296K, reserved 1056768K
  class space    used 580K, capacity 616K, committed 640K, reserved 1048576K
}
Event: 18.796 GC heap before
{Heap before GC invocations=23 (full 3):
 PSYoungGen      total 232960K, used 134736K [0x00000000eab00000, 0x0000000100000000, 0x0000000100000000)
  eden space 116736K, 100% used [0x00000000eab00000,0x00000000f1d00000,0x00000000f1d00000)
  from space 116224K, 15% used [0x00000000f1d00000,0x00000000f2e94198,0x00000000f8e80000)
  to   space 116224K, 0% used [0x00000000f8e80000,0x00000000f8e80000,0x0000000100000000)
 ParOldGen       total 443392K, used 369881K [0x00000000c0000000, 0x00000000db100000, 0x00000000eab00000)
  object space 443392K, 83% used [0x00000000c0000000,0x00000000d69365c8,0x00000000db100000)
 Metaspace       used 6184K, capacity 7216K, committed 7296K, reserved 1056768K
  class space    used 580K, capacity 616K, committed 640K, reserved 1048576K
Event: 18.850 GC heap after
Heap after GC invocations=23 (full 3):
 PSYoungGen      total 232960K, used 20062K [0x00000000eab00000, 0x0000000100000000, 0x0000000100000000)
  eden space 116736K, 0% used [0x00000000eab00000,0x00000000eab00000,0x00000000f1d00000)
  from space 116224K, 17% used [0x00000000f8e80000,0x00000000fa217ad0,0x0000000100000000)
  to   space 116224K, 0% used [0x00000000f1d00000,0x00000000f1d00000,0x00000000f8e80000)
 ParOldGen       total 443392K, used 387263K [0x00000000c0000000, 0x00000000db100000, 0x00000000eab00000)
  object space 443392K, 87% used [0x00000000c0000000,0x00000000d7a2ff20,0x00000000db100000)
 Metaspace       used 6184K, capacity 7216K, committed 7296K, reserved 1056768K
  class space    used 580K, capacity 616K, committed 640K, reserved 1048576K
}
Event: 19.449 GC heap before
{Heap before GC invocations=24 (full 3):
 PSYoungGen      total 232960K, used 136798K [0x00000000eab00000, 0x0000000100000000, 0x0000000100000000)
  eden space 116736K, 100% used [0x00000000eab00000,0x00000000f1d00000,0x00000000f1d00000)
  from space 116224K, 17% used [0x00000000f8e80000,0x00000000fa217ad0,0x0000000100000000)
  to   space 116224K, 0% used [0x00000000f1d00000,0x00000000f1d00000,0x00000000f8e80000)
 ParOldGen       total 443392K, used 387263K [0x00000000c0000000, 0x00000000db100000, 0x00000000eab00000)
  object space 443392K, 87% used [0x00000000c0000000,0x00000000d7a2ff20,0x00000000db100000)
 Metaspace       used 6184K, capacity 7216K, committed 7296K, reserved 1056768K
  class space    used 580K, capacity 616K, committed 640K, reserved 1048576K
Event: 19.499 GC heap after
Heap after GC invocations=24 (full 3):
 PSYoungGen      total 155648K, used 38892K [0x00000000eab00000, 0x00000000ffe00000, 0x0000000100000000)
  eden space 116736K, 0% used [0x00000000eab00000,0x00000000eab00000,0x00000000f1d00000)
  from space 38912K, 99% used [0x00000000f1d00000,0x00000000f42fb048,0x00000000f4300000)
  to   space 115200K, 0% used [0x00000000f8d80000,0x00000000f8d80000,0x00000000ffe00000)
 ParOldGen       total 443392K, used 406442K [0x00000000c0000000, 0x00000000db100000, 0x00000000eab00000)
  object space 443392K, 91% used [0x00000000c0000000,0x00000000d8cea940,0x00000000db100000)
 Metaspace       used 6184K, capacity 7216K, committed 7296K, reserved 1056768K
  class space    used 580K, capacity 616K, committed 640K, reserved 1048576K
}
Event: 19.499 GC heap before
{Heap before GC invocations=25 (full 4):
 PSYoungGen      total 155648K, used 38892K [0x00000000eab00000, 0x00000000ffe00000, 0x0000000100000000)
  eden space 116736K, 0% used [0x00000000eab00000,0x00000000eab00000,0x00000000f1d00000)
  from space 38912K, 99% used [0x00000000f1d00000,0x00000000f42fb048,0x00000000f4300000)
  to   space 115200K, 0% used [0x00000000f8d80000,0x00000000f8d80000,0x00000000ffe00000)
 ParOldGen       total 443392K, used 406442K [0x00000000c0000000, 0x00000000db100000, 0x00000000eab00000)
  object space 443392K, 91% used [0x00000000c0000000,0x00000000d8cea940,0x00000000db100000)
 Metaspace       used 6184K, capacity 7216K, committed 7296K, reserved 1056768K
  class space    used 580K, capacity 616K, committed 640K, reserved 1048576K

